<?xml version="1.0" encoding="UTF-8"?>
<!-- Generated by org.testng.reporters.JUnitReportReporter -->
<testsuite hostname="vivobook-asuslaptop-x512flc-x512fl" failures="0" tests="4" name="com.test.section_component.CellAnnotation" time="61.821" errors="0" timestamp="2024-02-21T15:57:25 IST" skipped="0">
  <testcase classname="com.test.section_component.CellAnnotation" name="login" time="9.689"/>
  <system-out/>
  <testcase classname="com.test.section_component.CellAnnotation" name="viewerPage" time="14.300"/>
  <system-out/>
  <testcase classname="com.test.section_component.CellAnnotation" name="cell_annotation" time="3.119"/>
  <system-out/>
  <testcase classname="com.test.section_component.CellAnnotation" name="section_component" time="34.713"/>
  <system-out/>
</testsuite> <!-- com.test.section_component.CellAnnotation -->
